<?xml version="1.0" encoding="utf-8"?><testsuites name="pytest tests"><testsuite name="pytest" errors="0" failures="0" skipped="0" tests="7" time="5.786" timestamp="2026-08-23T04:05:27.333524+00:00" hostname="agent-env-83625e0e-edfa-48df-9b1c-b809d9f37915"><testcase classname="tests.test_billing_portal" name="test_register_logs_welcome_email" time="2.058" /><testcase classname="tests.test_billing_portal" name="test_billing_status_can_manage_false_for_trial" time="0.399" /><testcase classname="tests.test_billing_portal" name="test_billing_status_can_manage_true_when_customer_id" time="0.323" /><testcase classname="tests.test_billing_portal" name="test_portal_requires_auth" time="0.045" /><testcase classname="tests.test_billing_portal" name="test_portal_400_without_subscription" time="0.332" /><testcase classname="tests.test_billing_portal" name="test_portal_returns_stripe_url_with_real_customer" time="1.270" /><testcase classname="tests.test_billing_portal" name="test_demo_login_still_works" time="0.324" /></testsuite></testsuites>