<?xml version="1.0" encoding="utf-8"?><testsuites name="pytest tests"><testsuite name="pytest" errors="0" failures="0" skipped="0" tests="10" time="8.142" timestamp="2026-08-16T12:43:24.180134+00:00" hostname="agent-env-83625e0e-edfa-48df-9b1c-b809d9f37915"><testcase classname="tests.test_billing" name="test_plans_public_shape" time="0.178" /><testcase classname="tests.test_billing" name="test_admin_billing_unlimited" time="0.318" /><testcase classname="tests.test_billing" name="test_new_user_trial_status_and_can_chat" time="1.716" /><testcase classname="tests.test_billing" name="test_expired_trial_returns_402" time="0.586" /><testcase classname="tests.test_billing" name="test_basic_token_exhaustion_returns_402" time="0.549" /><testcase classname="tests.test_billing" name="test_checkout_creates_real_stripe_session[sk_basic_monthly]" time="1.398" /><testcase classname="tests.test_billing" name="test_checkout_creates_real_stripe_session[sk_pro_monthly]" time="1.119" /><testcase classname="tests.test_billing" name="test_checkout_creates_real_stripe_session[sk_unlimited_monthly]" time="1.234" /><testcase classname="tests.test_billing" name="test_checkout_unknown_lookup_400" time="0.044" /><testcase classname="tests.test_billing" name="test_checkout_requires_auth" time="0.049" /></testsuite></testsuites>