<?xml version="1.0" encoding="utf-8"?><testsuites name="pytest tests"><testsuite name="pytest" errors="0" failures="0" skipped="0" tests="10" time="7.262" timestamp="2026-08-23T05:12:51.283335+00:00" hostname="agent-env-83625e0e-edfa-48df-9b1c-b809d9f37915"><testcase classname="tests.test_google_auth" name="test_google_session_missing_header_returns_400" time="0.202" /><testcase classname="tests.test_google_auth" name="test_google_session_bogus_session_id_returns_401" time="0.186" /><testcase classname="tests.test_google_auth" name="test_google_user_me_returns_user" time="0.218" /><testcase classname="tests.test_google_auth" name="test_google_user_billing_status_trial" time="0.114" /><testcase classname="tests.test_google_auth" name="test_google_user_paywall_after_trial" time="2.527" /><testcase classname="tests.test_google_auth" name="test_google_user_chat_allowed_during_trial" time="0.463" /><testcase classname="tests.test_google_auth" name="test_demo_password_login_still_works" time="0.323" /><testcase classname="tests.test_google_auth" name="test_password_login_for_google_user_returns_401_not_500" time="0.102" /><testcase classname="tests.test_google_auth" name="test_change_password_for_google_user_returns_400_not_500" time="0.116" /><testcase classname="tests.test_google_auth" name="test_change_password_for_password_user_still_works" time="2.135" /></testsuite></testsuites>