<?xml version="1.0" encoding="utf-8"?><testsuites name="pytest tests"><testsuite name="pytest" errors="0" failures="0" skipped="0" tests="8" time="3.792" timestamp="2026-08-23T03:50:42.994276+00:00" hostname="agent-env-83625e0e-edfa-48df-9b1c-b809d9f37915"><testcase classname="tests.test_password_reset.TestLoginRegistrationRegression" name="test_demo_login" time="0.385" /><testcase classname="tests.test_password_reset.TestForgotPassword" name="test_forgot_known_email_generic" time="0.849" /><testcase classname="tests.test_password_reset.TestLoginRegistrationRegression" name="test_register_new_user" time="0.505" /><testcase classname="tests.test_password_reset.TestForgotPassword" name="test_forgot_unknown_email_same_generic" time="0.046" /><testcase classname="tests.test_password_reset.TestChangePasswordRegression" name="test_change_password_still_works" time="2.146" /><testcase classname="tests.test_password_reset.TestForgotPassword" name="test_reset_flow_end_to_end_and_reuse_rejected" time="2.142" /><testcase classname="tests.test_password_reset.TestForgotPassword" name="test_reset_short_password_rejected" time="0.042" /><testcase classname="tests.test_password_reset.TestForgotPassword" name="test_rate_limit_fourth_request_within_window_returns_429" time="0.177" /></testsuite></testsuites>