<?xml version="1.0" encoding="utf-8"?><testsuites name="pytest tests"><testsuite name="pytest" errors="0" failures="1" skipped="0" tests="11" time="11.503" timestamp="2026-08-16T07:24:24.562866+00:00" hostname="agent-env-83625e0e-edfa-48df-9b1c-b809d9f37915"><testcase classname="tests.backend_test" name="test_login_demo" time="0.389" /><testcase classname="tests.backend_test" name="test_login_bad_password" time="0.270" /><testcase classname="tests.backend_test" name="test_register_new_user" time="0.046"><failure message="AssertionError: {&quot;detail&quot;:[{&quot;type&quot;:&quot;value_error&quot;,&quot;loc&quot;:[&quot;body&quot;,&quot;email&quot;],&quot;msg&quot;:&quot;value is not a valid email address: The part after the @-sign is a special-use or reserved name that cannot be used with email.&quot;,&quot;input&quot;:&quot;TEST_73faa15f@sk.test&quot;,&quot;ctx&quot;:{&quot;reason&quot;:&quot;The part after the @-sign is a special-use or reserved name that cannot be used with email.&quot;}}]}&#10;assert 422 == 200&#10; +  where 422 = &lt;Response [422]&gt;.status_code">backend/tests/backend_test.py:59: in test_register_new_user
    assert r.status_code == 200, r.text
E   AssertionError: {"detail":[{"type":"value_error","loc":["body","email"],"msg":"value is not a valid email address: The part after the @-sign is a special-use or reserved name that cannot be used with email.","input":"TEST_73faa15f@sk.test","ctx":{"reason":"The part after the @-sign is a special-use or reserved name that cannot be used with email."}}]}
E   assert 422 == 200
E    +  where 422 = &lt;Response [422]&gt;.status_code</failure></testcase><testcase classname="tests.backend_test" name="test_me_requires_auth" time="0.047" /><testcase classname="tests.backend_test" name="test_seeded_aircraft_present" time="0.326" /><testcase classname="tests.backend_test" name="test_corpus_seeded_12" time="0.049" /><testcase classname="tests.backend_test" name="test_corpus_search" time="0.048" /><testcase classname="tests.backend_test" name="test_create_session_and_list" time="0.143" /><testcase classname="tests.backend_test" name="test_logbook_crud" time="0.152" /><testcase classname="tests.backend_test" name="test_manual_upload_and_extract" time="0.466" /><testcase classname="tests.backend_test" name="test_chat_stream_mechanic_first" time="9.009" /></testsuite></testsuites>